2025-04-20 16:45:41,055 - main_executor - INFO - Starting data pipeline in all mode
2025-04-20 16:45:41,056 - main_executor - INFO - Data pipeline completed
2025-04-20 16:47:08,555 - main_executor - INFO - Starting data pipeline in collect mode
2025-04-20 16:47:08,556 - main_executor - INFO - Data pipeline completed
2025-04-20 16:47:29,496 - main_executor - INFO - Starting data pipeline in collect mode
2025-04-20 16:47:29,496 - main_executor - INFO - Data pipeline completed
2025-04-20 16:49:22,687 - main_executor - INFO - Starting data pipeline in collect mode
2025-04-20 16:49:37,154 - main_executor - INFO - Data pipeline completed
2025-04-20 16:50:14,268 - main_executor - INFO - Starting data pipeline in collect mode
2025-04-20 16:50:29,946 - main_executor - INFO - Data pipeline completed
2025-04-20 16:50:44,835 - main_executor - INFO - Starting data pipeline in collect mode
2025-04-20 16:51:01,032 - main_executor - INFO - Data pipeline completed
2025-04-20 16:54:28,614 - main_executor - INFO - Starting data pipeline in collect mode
2025-04-20 16:54:52,652 - main_executor - INFO - Starting data pipeline in collect mode
2025-04-20 16:55:08,099 - main_executor - INFO - Data pipeline completed
2025-04-20 16:58:52,454 - main_executor - INFO - Starting data pipeline in all mode
2025-04-20 16:58:52,455 - main_executor - INFO - Starting data pipeline in all mode
2025-04-20 16:58:52,455 - main_executor - INFO - Data pipeline completed
2025-04-20 16:59:35,069 - main_executor - INFO - Starting data pipeline
2025-04-20 16:59:35,368 - data_pipeline - INFO - Running data pipeline in all mode
2025-04-20 16:59:35,368 - data_pipeline - INFO - Collecting data...
2025-04-20 17:01:39,826 - main_executor - INFO - Starting data pipeline
2025-04-20 17:01:40,009 - data_pipeline - INFO - Running data pipeline in all mode
2025-04-20 17:01:40,009 - data_pipeline - INFO - Collecting data...
2025-04-20 17:01:56,164 - data_pipeline - INFO - Raw data saved to data/raw_scraped_data/all_raw_data_20250420_170140.json
2025-04-20 17:01:56,164 - data_pipeline - INFO - Processing data...
2025-04-20 17:01:56,165 - data_pipeline - INFO - Validated events saved to data/validated_events/validated_events_20250420_170140.json
2025-04-20 17:01:56,165 - data_pipeline - INFO - Integrating data...
2025-04-20 17:02:14,273 - main_executor - INFO - Starting data pipeline
2025-04-20 17:02:14,456 - data_pipeline - INFO - Running data pipeline in all mode
2025-04-20 17:02:14,456 - data_pipeline - INFO - Collecting data...
2025-04-20 17:02:29,925 - data_pipeline - INFO - Raw data saved to data/raw_scraped_data/all_raw_data_20250420_170214.json
2025-04-20 17:02:29,925 - data_pipeline - INFO - Processing data...
2025-04-20 17:02:29,926 - data_pipeline - INFO - Validated events saved to data/validated_events/validated_events_20250420_170214.json
2025-04-20 17:02:29,926 - data_pipeline - INFO - Integrating data...
2025-04-20 17:02:29,927 - data_pipeline - INFO - Integrated events saved to data/integrated_events/integrated_events_20250420_170214.json
2025-04-20 17:02:29,927 - data_pipeline - INFO - Publishing data...
2025-04-20 17:02:29,928 - data_pipeline - INFO - Data publishing completed.
2025-04-20 17:02:29,928 - data_pipeline - INFO - Data pipeline completed
2025-04-20 17:02:29,928 - main_executor - INFO - Data pipeline completed
2025-04-20 17:04:18,804 - main_executor - INFO - Starting data pipeline
2025-04-20 17:04:19,008 - data_pipeline - INFO - Running data pipeline in all mode
2025-04-20 17:04:19,008 - data_pipeline - INFO - Collecting data...
2025-04-20 17:04:34,806 - data_pipeline - INFO - Raw data saved to data/raw_scraped_data/all_raw_data_20250420_170419.json
2025-04-20 17:04:34,806 - data_pipeline - INFO - Processing data...
2025-04-20 17:04:34,808 - data_pipeline - INFO - Validated events saved to data/validated_events/validated_events_20250420_170419.json
2025-04-20 17:04:34,808 - data_pipeline - INFO - Integrating data...
2025-04-20 17:04:34,809 - data_pipeline - INFO - Integrated events saved to data/integrated_events/integrated_events_20250420_170419.json
2025-04-20 17:04:34,809 - data_pipeline - INFO - Publishing data...
2025-04-20 17:04:34,810 - data_pipeline - INFO - Data publishing completed.
2025-04-20 17:04:34,810 - data_pipeline - INFO - Data pipeline completed
2025-04-20 17:04:34,810 - main_executor - INFO - Data pipeline completed
2025-04-20 17:07:17,305 - main_executor - INFO - Starting data pipeline
2025-04-20 17:07:17,520 - data_pipeline - INFO - Running data pipeline in all mode
2025-04-20 17:07:17,520 - data_pipeline - INFO - Collecting data...
2025-04-20 17:07:34,326 - data_pipeline - INFO - Raw data saved to data/raw_scraped_data/all_raw_data_20250420_170717.json
2025-04-20 17:07:34,326 - data_pipeline - INFO - Processing data...
2025-04-20 17:07:34,327 - data_pipeline - INFO - Validated events saved to data/validated_events/validated_events_20250420_170717.json
2025-04-20 17:07:34,327 - data_pipeline - INFO - Integrating data...
2025-04-20 17:07:34,329 - data_pipeline - INFO - Integrated events saved to data/integrated_events/integrated_events_20250420_170717.json
2025-04-20 17:07:34,329 - data_pipeline - INFO - Publishing data...
2025-04-20 17:07:34,330 - data_pipeline - INFO - Data publishing completed.
2025-04-20 17:07:34,330 - data_pipeline - INFO - Data pipeline completed
2025-04-20 17:07:34,331 - main_executor - INFO - Data pipeline completed
2025-04-20 17:17:29,900 - main_executor - INFO - Starting data pipeline
2025-04-20 17:18:43,418 - main_executor - INFO - Starting data pipeline
2025-04-20 17:18:43,615 - data_pipeline - INFO - Running data pipeline in all mode
2025-04-20 17:18:43,616 - data_pipeline - INFO - Collecting data...
2025-04-20 17:18:59,250 - data_pipeline - INFO - Raw data saved to data/raw_scraped_data/all_raw_data_20250420_171843.json
2025-04-20 17:18:59,250 - data_pipeline - INFO - Processing data...
2025-04-20 17:18:59,252 - data_pipeline - INFO - Validated events saved to data/validated_events/validated_events_20250420_171843.json
2025-04-20 17:18:59,252 - data_pipeline - INFO - Integrating data...
2025-04-20 17:18:59,253 - data_pipeline - INFO - Integrated events saved to data/integrated_events/integrated_events_20250420_171843.json
2025-04-20 17:18:59,253 - data_pipeline - INFO - Publishing data...
2025-04-20 17:18:59,254 - data_pipeline - INFO - Data publishing completed.
2025-04-20 17:18:59,254 - data_pipeline - INFO - Data pipeline completed
2025-04-20 17:18:59,255 - main_executor - INFO - Data pipeline completed
2025-04-20 17:20:01,500 - main_executor - INFO - Starting data pipeline
2025-04-20 17:20:01,706 - data_pipeline - INFO - Running data pipeline in all mode
2025-04-20 17:20:01,706 - data_pipeline - INFO - Collecting data...
2025-04-20 17:20:15,405 - data_pipeline - INFO - Raw data saved to data/raw_scraped_data/all_raw_data_20250420_172001.json
2025-04-20 17:20:15,405 - data_pipeline - INFO - Processing data...
2025-04-20 17:20:15,407 - data_pipeline - INFO - Validated events saved to data/validated_events/validated_events_20250420_172001.json
2025-04-20 17:20:15,407 - data_pipeline - INFO - Integrating data...
2025-04-20 17:20:15,408 - data_pipeline - INFO - Integrated events saved to data/integrated_events/integrated_events_20250420_172001.json
2025-04-20 17:20:15,408 - data_pipeline - INFO - Publishing data...
2025-04-20 17:20:15,409 - data_pipeline - INFO - Data publishing completed.
2025-04-20 17:20:15,409 - data_pipeline - INFO - Data pipeline completed
2025-04-20 17:20:15,410 - main_executor - INFO - Data pipeline completed
2025-04-20 17:21:03,861 - main_executor - INFO - Starting data pipeline
2025-04-20 17:21:04,061 - data_pipeline - INFO - Running data pipeline in all mode
2025-04-20 17:21:04,061 - data_pipeline - INFO - Collecting data...
2025-04-20 17:21:17,813 - data_pipeline - INFO - Raw data saved to data/raw_scraped_data/all_raw_data_20250420_172104.json
2025-04-20 17:21:17,814 - data_pipeline - INFO - Processing data...
2025-04-20 17:21:17,815 - data_pipeline - INFO - Validated events saved to data/validated_events/validated_events_20250420_172104.json
2025-04-20 17:21:17,815 - data_pipeline - INFO - Integrating data...
2025-04-20 17:21:17,817 - data_pipeline - INFO - Integrated events saved to data/integrated_events/integrated_events_20250420_172104.json
2025-04-20 17:21:17,817 - data_pipeline - INFO - Publishing data...
2025-04-20 17:21:17,819 - data_pipeline - INFO - Data publishing completed.
2025-04-20 17:21:17,819 - data_pipeline - INFO - Data pipeline completed
2025-04-20 17:21:17,820 - main_executor - INFO - Data pipeline completed
2025-04-20 17:25:12,566 - main_executor - INFO - Starting data pipeline
2025-04-20 17:25:12,767 - data_pipeline - INFO - Running data pipeline in all mode
2025-04-20 17:25:12,767 - data_pipeline - INFO - Collecting data...
2025-04-20 17:27:57,950 - main_executor - INFO - Starting data pipeline
2025-04-20 17:39:10,247 - main_executor - INFO - Starting data pipeline
2025-04-20 17:39:10,411 - main_executor - INFO - No mode specified. Exiting.
2025-04-20 17:39:10,411 - main_executor - INFO - Data pipeline completed
2025-04-20 17:39:51,004 - main_executor - INFO - Starting data pipeline
2025-04-20 17:39:51,176 - main_executor - INFO - No mode specified. Exiting.
2025-04-20 17:39:51,177 - main_executor - INFO - Data pipeline completed
2025-04-20 20:19:29,562 - main_executor - INFO - Starting data pipeline
2025-04-20 20:19:42,367 - main_executor - INFO - Starting data pipeline
2025-04-20 20:19:42,563 - main_executor - INFO - No mode specified. Exiting.
2025-04-20 20:19:42,563 - main_executor - INFO - Data pipeline completed
2025-04-20 20:20:05,678 - main_executor - INFO - Starting data pipeline
2025-04-20 20:20:05,806 - main_executor - INFO - Running data pipeline in all mode
2025-04-20 20:20:05,806 - main_executor - INFO - Collecting data...
2025-04-20 20:22:44,658 - main_executor - INFO - Starting data pipeline
2025-04-20 20:22:44,807 - main_executor - INFO - Running data pipeline in all mode
2025-04-20 20:22:44,807 - main_executor - INFO - Collecting data...
2025-04-20 20:29:28,422 - main_executor - INFO - Starting data pipeline
2025-04-20 20:29:28,576 - main_executor - INFO - No mode specified. Exiting.
2025-04-20 20:29:28,576 - main_executor - INFO - Data pipeline completed
2025-04-20 20:51:30,645 - main_executor - INFO - Starting data pipeline
2025-04-20 20:51:39,099 - main_executor - INFO - Starting data pipeline
