2025-04-20 20:17:06,445 - __main__ - INFO - 検出対策済みブラウザを初期化しました
2025-04-20 20:17:06,446 - __main__ - INFO - ユーザー名: kafka_vr
2025-04-20 20:17:06,446 - __main__ - INFO - パスワード: **********
2025-04-20 20:17:06,446 - __main__ - INFO - Twitterログインページに移動中: https://twitter.com/login
2025-04-20 20:17:07,453 - __main__ - INFO - ページ遷移完了、要素待機開始
2025-04-20 20:17:09,476 - __main__ - INFO - ログインページの主要入力フィールドを検出
2025-04-20 20:17:09,477 - __main__ - INFO - ユーザー名入力フィールドを検索・入力中
2025-04-20 20:17:09,477 - __main__ - INFO - 仮: find_input_by_any_attribute ({'name': ['text'], 'autocomplete': ['username'], 'aria-label': ['電話番号、メールアドレス、またはユーザー名', 'Phone, email address, or username', '電話番号またはメールアドレス', 'Phone or email address', 'ユーザー名', 'Username'], 'type': ['text', 'email']})
2025-04-20 20:17:09,482 - __main__ - INFO - 仮: 要素発見 (input[name='text'])
2025-04-20 20:17:10,015 - __main__ - INFO - 「次へ」ボタンを検索・クリック中
2025-04-20 20:17:10,015 - __main__ - INFO - 仮: find_element_by_text_or_role (texts=['次へ', 'Next'], role=button, testid=['ocfEnterTextNextButton', 'next_link'])
2025-04-20 20:17:10,024 - __main__ - INFO - 仮: 要素発見 (1/10)
2025-04-20 20:17:10,139 - __main__ - INFO - 「次へ」ボタンをクリックしました
2025-04-20 20:17:11,647 - __main__ - INFO - パスワード入力フィールドを検索中
2025-04-20 20:17:11,647 - __main__ - INFO - 仮: find_input_by_any_attribute ({'name': ['password'], 'type': ['password'], 'autocomplete': ['current-password']})
2025-04-20 20:17:11,651 - __main__ - INFO - 仮: 要素発見 (input[name='password'])
2025-04-20 20:17:11,651 - __main__ - INFO - パスワード入力フィールドを検出しました
2025-04-20 20:17:12,175 - __main__ - INFO - 「ログイン」ボタンを検索・クリック中
2025-04-20 20:17:12,176 - __main__ - INFO - 仮: find_element_by_text_or_role (texts=['ログイン', 'Log in'], role=button, testid=['ocfLoginButton', 'LoginForm_Login_Button'])
2025-04-20 20:17:12,181 - __main__ - INFO - 仮: 要素発見 (1/10)
2025-04-20 20:17:12,216 - __main__ - INFO - 「ログイン」ボタンをクリックしました
2025-04-20 20:17:15,290 - __main__ - INFO - ログイン成功を確認しました（タイムライン要素検出）
2025-04-20 20:17:15,291 - __main__ - INFO - ログイン試行プロセス終了
2025-04-20 20:17:15,291 - __main__ - INFO - 検索クエリのスクレイピング開始: #VRChat event
2025-04-20 20:17:15,291 - __main__ - INFO - タイムライン上の検索バーを検索中...
2025-04-20 20:17:15,291 - __main__ - INFO - 仮: find_input_by_any_attribute ({'data-testid': ['SearchBox_Search_Input'], 'aria-label': ['検索クエリ', 'Search query']})
2025-04-20 20:17:15,355 - __main__ - INFO - 仮: 要素発見 (input[data-testid='SearchBox_Search_Input'])
2025-04-20 20:17:15,355 - __main__ - INFO - 検索バーを検出。クエリ '#VRChat event' を入力します。
2025-04-20 20:17:16,096 - __main__ - INFO - Enterキーを押下して検索を実行します。
2025-04-20 20:17:17,509 - __main__ - INFO - 検索結果ページの読み込みを待機中...
2025-04-20 20:17:19,564 - __main__ - INFO - 検索結果ページへの遷移を確認しました（最初のツイート検出）。
2025-04-20 20:17:21,558 - __main__ - INFO - ツイートのスクロールと抽出を開始: #VRChat event
2025-04-20 20:17:21,564 - __main__ - INFO - 現在 5 件のツイート要素を検出
2025-04-20 20:17:21,578 - __main__ - WARNING - ツイート情報の抽出中にエラー: 'Locator' object is not callable
2025-04-20 20:17:21,589 - __main__ - WARNING - ツイート情報の抽出中にエラー: 'Locator' object is not callable
2025-04-20 20:17:21,599 - __main__ - WARNING - ツイート情報の抽出中にエラー: 'Locator' object is not callable
2025-04-20 20:17:21,611 - __main__ - WARNING - ツイート情報の抽出中にエラー: 'Locator' object is not callable
2025-04-20 20:17:21,621 - __main__ - WARNING - ツイート情報の抽出中にエラー: 'Locator' object is not callable
2025-04-20 20:17:21,621 - __main__ - INFO - このスクロールで 0 件の新規ツイートを追加。合計: 0
2025-04-20 20:17:21,622 - __main__ - INFO - 新規ツイートが見つからない連続回数: 1/3
2025-04-20 20:17:21,628 - __main__ - INFO - ページをスクロールしました
2025-04-20 20:17:31,638 - __main__ - INFO - ネットワークアイドル待機タイムアウト。続行します。
2025-04-20 20:17:34,660 - __main__ - INFO - 現在 10 件のツイート要素を検出
2025-04-20 20:17:34,670 - __main__ - WARNING - ツイート情報の抽出中にエラー: 'Locator' object is not callable
2025-04-20 20:17:34,680 - __main__ - WARNING - ツイート情報の抽出中にエラー: 'Locator' object is not callable
2025-04-20 20:17:34,689 - __main__ - WARNING - ツイート情報の抽出中にエラー: 'Locator' object is not callable
2025-04-20 20:17:34,698 - __main__ - WARNING - ツイート情報の抽出中にエラー: 'Locator' object is not callable
2025-04-20 20:17:34,707 - __main__ - WARNING - ツイート情報の抽出中にエラー: 'Locator' object is not callable
2025-04-20 20:17:34,716 - __main__ - WARNING - ツイート情報の抽出中にエラー: 'Locator' object is not callable
2025-04-20 20:17:34,725 - __main__ - WARNING - ツイート情報の抽出中にエラー: 'Locator' object is not callable
2025-04-20 20:17:34,733 - __main__ - WARNING - ツイート情報の抽出中にエラー: 'Locator' object is not callable
2025-04-20 20:17:34,743 - __main__ - WARNING - ツイート情報の抽出中にエラー: 'Locator' object is not callable
2025-04-20 20:17:34,751 - __main__ - WARNING - ツイート情報の抽出中にエラー: 'Locator' object is not callable
2025-04-20 20:17:34,752 - __main__ - INFO - このスクロールで 0 件の新規ツイートを追加。合計: 0
2025-04-20 20:17:34,752 - __main__ - INFO - 新規ツイートが見つからない連続回数: 2/3
2025-04-20 20:17:34,757 - __main__ - INFO - ページをスクロールしました
2025-04-20 20:17:44,764 - __main__ - INFO - ネットワークアイドル待機タイムアウト。続行します。
2025-04-20 20:17:47,783 - __main__ - INFO - 現在 10 件のツイート要素を検出
2025-04-20 20:17:47,792 - __main__ - WARNING - ツイート情報の抽出中にエラー: 'Locator' object is not callable
2025-04-20 20:17:47,801 - __main__ - WARNING - ツイート情報の抽出中にエラー: 'Locator' object is not callable
2025-04-20 20:17:47,811 - __main__ - WARNING - ツイート情報の抽出中にエラー: 'Locator' object is not callable
2025-04-20 20:17:47,819 - __main__ - WARNING - ツイート情報の抽出中にエラー: 'Locator' object is not callable
2025-04-20 20:17:47,828 - __main__ - WARNING - ツイート情報の抽出中にエラー: 'Locator' object is not callable
2025-04-20 20:17:47,837 - __main__ - WARNING - ツイート情報の抽出中にエラー: 'Locator' object is not callable
2025-04-20 20:17:47,848 - __main__ - WARNING - ツイート情報の抽出中にエラー: 'Locator' object is not callable
2025-04-20 20:17:47,860 - __main__ - WARNING - ツイート情報の抽出中にエラー: 'Locator' object is not callable
2025-04-20 20:17:47,869 - __main__ - WARNING - ツイート情報の抽出中にエラー: 'Locator' object is not callable
2025-04-20 20:17:47,878 - __main__ - WARNING - ツイート情報の抽出中にエラー: 'Locator' object is not callable
2025-04-20 20:17:47,879 - __main__ - INFO - このスクロールで 0 件の新規ツイートを追加。合計: 0
2025-04-20 20:17:47,879 - __main__ - INFO - 新規ツイートが見つからない連続回数: 3/3
2025-04-20 20:17:47,879 - __main__ - INFO - 新規ツイートが3回連続で見つからなかったため、スクロールを終了します。
2025-04-20 20:17:47,879 - __main__ - INFO - ツイート検索完了: #VRChat event - 合計 0 件
2025-04-20 20:17:47,879 - __main__ - WARNING - クエリ '#VRChat event' でツイートが収集できませんでした。
2025-04-20 20:17:47,879 - __main__ - INFO - ターゲット間の待機 (5秒)
2025-04-20 20:17:52,881 - __main__ - INFO - スクレイピング処理の終了処理を開始します。
2025-04-20 20:17:52,891 - __main__ - INFO - ページを閉じました
2025-04-20 20:17:52,909 - __main__ - INFO - コンテキストを閉じました
2025-04-20 20:17:53,046 - __main__ - INFO - ブラウザを閉じました
2025-04-20 20:17:53,056 - __main__ - INFO - Playwrightを停止しました
2025-04-20 20:17:53,056 - __main__ - WARNING - スクレイピング処理が正常に完了しませんでした、または結果が空でした。
