2025-04-20 21:39:15 - main_executor - INFO - [logger_setup.py:139] - ロガー 'main_executor' のセットアップ完了。出力先: ファイル(logs\app.log) および コンソール。レベル: INFO
2025-04-20 21:39:15 - main_executor - INFO - [main_executor.py:18] - Starting data pipeline
2025-04-20 21:40:18 - main_executor - INFO - [logger_setup.py:139] - ロガー 'main_executor' のセットアップ完了。出力先: ファイル(logs\app.log) および コンソール。レベル: INFO
2025-04-20 21:40:18 - main_executor - INFO - [main_executor.py:18] - Starting data pipeline
2025-04-20 21:44:05 - main_executor - INFO - [logger_setup.py:139] - ロガー 'main_executor' のセットアップ完了。出力先: ファイル(logs\app.log) および コンソール。レベル: INFO
2025-04-20 21:44:05 - main_executor - INFO - [main_executor.py:18] - Starting data pipeline
2025-04-20 21:45:50 - main_executor - INFO - [logger_setup.py:139] - ロガー 'main_executor' のセットアップ完了。出力先: ファイル(logs\app.log) および コンソール。レベル: INFO
2025-04-20 21:45:50 - main_executor - INFO - [main_executor.py:18] - Starting data pipeline
2025-04-20 21:46:20 - main_executor - INFO - [logger_setup.py:139] - ロガー 'main_executor' のセットアップ完了。出力先: ファイル(logs\app.log) および コンソール。レベル: INFO
2025-04-20 21:46:20 - main_executor - INFO - [main_executor.py:18] - Starting data pipeline
2025-04-20 21:46:31 - main_executor - INFO - [logger_setup.py:139] - ロガー 'main_executor' のセットアップ完了。出力先: ファイル(logs\app.log) および コンソール。レベル: INFO
2025-04-20 21:46:31 - main_executor - INFO - [main_executor.py:18] - Starting data pipeline
2025-04-20 21:46:46 - main_executor - INFO - [logger_setup.py:139] - ロガー 'main_executor' のセットアップ完了。出力先: ファイル(logs\app.log) および コンソール。レベル: INFO
2025-04-20 21:46:46 - main_executor - INFO - [main_executor.py:18] - Starting data pipeline
2025-04-20 21:47:36 - main_executor - INFO - [logger_setup.py:139] - ロガー 'main_executor' のセットアップ完了。出力先: ファイル(logs\app.log) および コンソール。レベル: INFO
2025-04-20 21:47:36 - main_executor - INFO - [main_executor.py:18] - Starting data pipeline
2025-04-20 21:47:48 - main_executor - INFO - [logger_setup.py:139] - ロガー 'main_executor' のセットアップ完了。出力先: ファイル(logs\app.log) および コンソール。レベル: INFO
2025-04-20 21:47:48 - main_executor - INFO - [main_executor.py:18] - Starting data pipeline
2025-04-20 21:48:00 - main_executor - INFO - [logger_setup.py:139] - ロガー 'main_executor' のセットアップ完了。出力先: ファイル(logs\app.log) および コンソール。レベル: INFO
2025-04-20 21:48:00 - main_executor - INFO - [main_executor.py:18] - Starting data pipeline
2025-04-20 21:48:12 - main_executor - INFO - [logger_setup.py:139] - ロガー 'main_executor' のセットアップ完了。出力先: ファイル(logs\app.log) および コンソール。レベル: INFO
2025-04-20 21:48:12 - main_executor - INFO - [main_executor.py:18] - Starting data pipeline
2025-04-20 21:48:26 - main_executor - INFO - [logger_setup.py:139] - ロガー 'main_executor' のセットアップ完了。出力先: ファイル(logs\app.log) および コンソール。レベル: INFO
2025-04-20 21:48:26 - main_executor - INFO - [main_executor.py:18] - Starting data pipeline
2025-04-20 21:48:40 - main_executor - INFO - [logger_setup.py:139] - ロガー 'main_executor' のセットアップ完了。出力先: ファイル(logs\app.log) および コンソール。レベル: INFO
2025-04-20 21:48:40 - main_executor - INFO - [main_executor.py:18] - Starting data pipeline
2025-04-20 21:48:56 - main_executor - INFO - [logger_setup.py:139] - ロガー 'main_executor' のセットアップ完了。出力先: ファイル(logs\app.log) および コンソール。レベル: INFO
2025-04-20 21:48:56 - main_executor - INFO - [main_executor.py:18] - Starting data pipeline
2025-04-20 21:50:12 - main_executor - INFO - [logger_setup.py:139] - ロガー 'main_executor' のセットアップ完了。出力先: ファイル(logs\app.log) および コンソール。レベル: INFO
2025-04-20 21:50:12 - main_executor - INFO - [main_executor.py:18] - Starting data pipeline
2025-04-20 21:50:12 - main_executor - INFO - [data_pipeline.py:51] - Running data pipeline in all mode
2025-04-20 21:50:12 - main_executor - INFO - [data_pipeline.py:54] - Collecting data...
2025-04-20 21:50:13 - main_executor - INFO - [data_pipeline.py:71] - Raw data saved to data/raw_scraped_data/all_raw_data_20250420_215012.json
2025-04-20 21:50:13 - main_executor - INFO - [data_pipeline.py:77] - Processing data...
2025-04-20 21:50:13 - main_executor - INFO - [data_pipeline.py:102] - Validated events saved to data/validated_events/validated_events_20250420_215012.json
2025-04-20 21:50:13 - main_executor - INFO - [data_pipeline.py:105] - Integrating data...
2025-04-20 21:50:13 - main_executor - INFO - [data_pipeline.py:123] - Integrated events saved to data/integrated_events/integrated_events_20250420_215012.json
2025-04-20 21:50:13 - main_executor - INFO - [data_pipeline.py:126] - Publishing data...
2025-04-20 21:50:13 - main_executor - INFO - [data_pipeline.py:141] - Data publishing completed.
2025-04-20 21:50:13 - main_executor - INFO - [data_pipeline.py:143] - Data pipeline completed
2025-04-20 21:50:13 - main_executor - INFO - [main_executor.py:37] - Data pipeline completed
2025-04-20 21:50:32 - main_executor - INFO - [logger_setup.py:139] - ロガー 'main_executor' のセットアップ完了。出力先: ファイル(logs\app.log) および コンソール。レベル: INFO
2025-04-20 21:50:32 - main_executor - INFO - [main_executor.py:18] - Starting data pipeline
2025-04-20 21:50:32 - main_executor - INFO - [data_pipeline.py:51] - Running data pipeline in all mode
2025-04-20 21:50:32 - main_executor - INFO - [data_pipeline.py:54] - Collecting data...
2025-04-20 21:50:33 - main_executor - INFO - [data_pipeline.py:71] - Raw data saved to data/raw_scraped_data/all_raw_data_20250420_215032.json
2025-04-20 21:50:33 - main_executor - INFO - [data_pipeline.py:77] - Processing data...
2025-04-20 21:50:33 - main_executor - INFO - [data_pipeline.py:102] - Validated events saved to data/validated_events/validated_events_20250420_215032.json
2025-04-20 21:50:33 - main_executor - INFO - [data_pipeline.py:105] - Integrating data...
2025-04-20 21:50:33 - main_executor - INFO - [data_pipeline.py:123] - Integrated events saved to data/integrated_events/integrated_events_20250420_215032.json
2025-04-20 21:50:33 - main_executor - INFO - [data_pipeline.py:126] - Publishing data...
2025-04-20 21:50:33 - main_executor - INFO - [data_pipeline.py:141] - Data publishing completed.
2025-04-20 21:50:33 - main_executor - INFO - [data_pipeline.py:143] - Data pipeline completed
2025-04-20 21:50:33 - main_executor - INFO - [main_executor.py:37] - Data pipeline completed
2025-04-20 21:52:19 - main_executor - INFO - [logger_setup.py:139] - ロガー 'main_executor' のセットアップ完了。出力先: ファイル(logs\app.log) および コンソール。レベル: INFO
2025-04-20 21:52:19 - main_executor - INFO - [main_executor.py:18] - Starting data pipeline
2025-04-20 21:52:19 - main_executor - INFO - [data_pipeline.py:51] - Running data pipeline in all mode
2025-04-20 21:52:19 - main_executor - INFO - [data_pipeline.py:54] - Collecting data...
2025-04-20 21:52:19 - main_executor - INFO - [data_pipeline.py:71] - Raw data saved to data/raw_scraped_data/all_raw_data_20250420_215219.json
2025-04-20 21:52:19 - main_executor - INFO - [data_pipeline.py:77] - Processing data...
2025-04-20 21:52:19 - main_executor - INFO - [data_pipeline.py:102] - Validated events saved to data/validated_events/validated_events_20250420_215219.json
2025-04-20 21:52:19 - main_executor - INFO - [data_pipeline.py:105] - Integrating data...
2025-04-20 21:52:19 - main_executor - INFO - [data_pipeline.py:123] - Integrated events saved to data/integrated_events/integrated_events_20250420_215219.json
2025-04-20 21:52:19 - main_executor - INFO - [data_pipeline.py:126] - Publishing data...
2025-04-20 21:52:19 - main_executor - INFO - [data_pipeline.py:141] - Data publishing completed.
2025-04-20 21:52:19 - main_executor - INFO - [data_pipeline.py:143] - Data pipeline completed
2025-04-20 21:52:19 - main_executor - INFO - [main_executor.py:37] - Data pipeline completed
2025-04-20 21:53:24 - main_executor - INFO - [logger_setup.py:139] - ロガー 'main_executor' のセットアップ完了。出力先: ファイル(logs\app.log) および コンソール。レベル: INFO
2025-04-20 21:53:24 - main_executor - INFO - [main_executor.py:18] - Starting data pipeline
2025-04-20 21:53:24 - main_executor - INFO - [data_pipeline.py:51] - Running data pipeline in all mode
2025-04-20 21:53:24 - main_executor - INFO - [data_pipeline.py:54] - Collecting data...
2025-04-20 21:53:28 - main_executor - INFO - [data_pipeline.py:71] - Raw data saved to data/raw_scraped_data/all_raw_data_20250420_215324.json
2025-04-20 21:53:28 - main_executor - INFO - [data_pipeline.py:77] - Processing data...
2025-04-20 21:53:28 - main_executor - INFO - [data_pipeline.py:102] - Validated events saved to data/validated_events/validated_events_20250420_215324.json
2025-04-20 21:53:28 - main_executor - INFO - [data_pipeline.py:105] - Integrating data...
2025-04-20 21:53:28 - main_executor - INFO - [data_pipeline.py:123] - Integrated events saved to data/integrated_events/integrated_events_20250420_215324.json
2025-04-20 21:53:28 - main_executor - INFO - [data_pipeline.py:126] - Publishing data...
2025-04-20 21:53:28 - main_executor - INFO - [data_pipeline.py:141] - Data publishing completed.
2025-04-20 21:53:28 - main_executor - INFO - [data_pipeline.py:143] - Data pipeline completed
2025-04-20 21:53:28 - main_executor - INFO - [main_executor.py:37] - Data pipeline completed
2025-04-20 21:53:36 - main_executor - INFO - [logger_setup.py:139] - ロガー 'main_executor' のセットアップ完了。出力先: ファイル(logs\app.log) および コンソール。レベル: INFO
2025-04-20 21:53:36 - main_executor - INFO - [main_executor.py:18] - Starting data pipeline
2025-04-20 21:53:36 - main_executor - INFO - [data_pipeline.py:51] - Running data pipeline in all mode
2025-04-20 21:53:36 - main_executor - INFO - [data_pipeline.py:54] - Collecting data...
2025-04-20 21:53:40 - main_executor - INFO - [data_pipeline.py:71] - Raw data saved to data/raw_scraped_data/all_raw_data_20250420_215336.json
2025-04-20 21:53:40 - main_executor - INFO - [data_pipeline.py:77] - Processing data...
2025-04-20 21:53:40 - main_executor - INFO - [data_pipeline.py:102] - Validated events saved to data/validated_events/validated_events_20250420_215336.json
2025-04-20 21:53:40 - main_executor - INFO - [data_pipeline.py:105] - Integrating data...
2025-04-20 21:53:40 - main_executor - INFO - [data_pipeline.py:123] - Integrated events saved to data/integrated_events/integrated_events_20250420_215336.json
2025-04-20 21:53:40 - main_executor - INFO - [data_pipeline.py:126] - Publishing data...
2025-04-20 21:53:40 - main_executor - INFO - [data_pipeline.py:141] - Data publishing completed.
2025-04-20 21:53:40 - main_executor - INFO - [data_pipeline.py:143] - Data pipeline completed
2025-04-20 21:53:40 - main_executor - INFO - [main_executor.py:37] - Data pipeline completed
2025-04-20 21:54:24 - main_executor - INFO - [logger_setup.py:139] - ロガー 'main_executor' のセットアップ完了。出力先: ファイル(logs\app.log) および コンソール。レベル: INFO
2025-04-20 21:54:24 - main_executor - INFO - [main_executor.py:18] - Starting data pipeline
2025-04-20 21:54:24 - main_executor - INFO - [main_executor.py:25] - Starting loop to collect data until no new data is found...
2025-04-20 21:54:33 - main_executor - INFO - [logger_setup.py:139] - ロガー 'main_executor' のセットアップ完了。出力先: ファイル(logs\app.log) および コンソール。レベル: INFO
2025-04-20 21:54:33 - main_executor - INFO - [main_executor.py:19] - Starting data pipeline
2025-04-20 21:54:33 - main_executor - INFO - [main_executor.py:26] - Starting loop to collect data until no new data is found...
2025-04-20 21:54:33 - main_executor - INFO - [main_executor.py:35] - Running data collection pipeline...
2025-04-20 21:54:33 - main_executor - INFO - [data_pipeline.py:51] - Running data pipeline in collect mode
2025-04-20 21:54:33 - main_executor - INFO - [data_pipeline.py:54] - Collecting data...
2025-04-20 21:54:38 - main_executor - INFO - [data_pipeline.py:71] - Raw data saved to data/raw_scraped_data/all_raw_data_20250420_215433.json
2025-04-20 21:54:38 - main_executor - INFO - [data_pipeline.py:143] - Data pipeline completed
2025-04-20 21:54:38 - main_executor - INFO - [main_executor.py:37] - Data collection pipeline iteration completed.
2025-04-20 21:54:43 - main_executor - INFO - [main_executor.py:35] - Running data collection pipeline...
2025-04-20 21:54:43 - main_executor - INFO - [data_pipeline.py:51] - Running data pipeline in collect mode
2025-04-20 21:54:43 - main_executor - INFO - [data_pipeline.py:54] - Collecting data...
2025-04-20 21:54:47 - main_executor - INFO - [data_pipeline.py:71] - Raw data saved to data/raw_scraped_data/all_raw_data_20250420_215433.json
2025-04-20 21:54:47 - main_executor - INFO - [data_pipeline.py:143] - Data pipeline completed
2025-04-20 21:54:47 - main_executor - INFO - [main_executor.py:37] - Data collection pipeline iteration completed.
2025-04-20 21:54:52 - main_executor - INFO - [main_executor.py:32] - No new data files found in this iteration. Exiting loop.
2025-04-20 21:54:52 - main_executor - INFO - [main_executor.py:50] - Data pipeline completed
2025-04-20 21:58:20 - main_executor - INFO - [logger_setup.py:139] - ロガー 'main_executor' のセットアップ完了。出力先: ファイル(logs\app.log) および コンソール。レベル: INFO
2025-04-20 21:58:20 - main_executor - INFO - [main_executor.py:19] - Starting data pipeline
2025-04-20 21:58:20 - main_executor - INFO - [main_executor.py:26] - Starting loop to collect data until no new data is found...
2025-04-20 21:58:20 - main_executor - INFO - [main_executor.py:35] - Running data collection pipeline...
2025-04-20 21:58:20 - main_executor - INFO - [data_pipeline.py:51] - Running data pipeline in collect mode
2025-04-20 21:58:20 - main_executor - INFO - [data_pipeline.py:54] - Collecting data...
2025-04-20 21:58:24 - main_executor - INFO - [data_pipeline.py:71] - Raw data saved to data/raw_scraped_data/all_raw_data_20250420_215820.json
2025-04-20 21:58:24 - main_executor - INFO - [data_pipeline.py:143] - Data pipeline completed
2025-04-20 21:58:24 - main_executor - INFO - [main_executor.py:37] - Data collection pipeline iteration completed.
2025-04-20 21:58:29 - main_executor - INFO - [main_executor.py:35] - Running data collection pipeline...
2025-04-20 21:58:29 - main_executor - INFO - [data_pipeline.py:51] - Running data pipeline in collect mode
2025-04-20 21:58:29 - main_executor - INFO - [data_pipeline.py:54] - Collecting data...
2025-04-20 21:58:34 - main_executor - INFO - [data_pipeline.py:71] - Raw data saved to data/raw_scraped_data/all_raw_data_20250420_215820.json
2025-04-20 21:58:34 - main_executor - INFO - [data_pipeline.py:143] - Data pipeline completed
2025-04-20 21:58:34 - main_executor - INFO - [main_executor.py:37] - Data collection pipeline iteration completed.
2025-04-20 21:58:39 - main_executor - INFO - [main_executor.py:32] - No new data files found in this iteration. Exiting loop.
2025-04-20 21:58:39 - main_executor - INFO - [main_executor.py:50] - Data pipeline completed
2025-04-20 21:59:26 - main_executor - INFO - [logger_setup.py:139] - ロガー 'main_executor' のセットアップ完了。出力先: ファイル(logs\app.log) および コンソール。レベル: INFO
2025-04-20 21:59:26 - main_executor - INFO - [main_executor.py:19] - Starting data pipeline
2025-04-20 21:59:26 - main_executor - INFO - [main_executor.py:26] - Starting loop to collect data until no new data is found...
2025-04-20 21:59:26 - main_executor - INFO - [main_executor.py:35] - Running data collection pipeline...
2025-04-20 21:59:26 - main_executor - INFO - [data_pipeline.py:51] - Running data pipeline in collect mode
2025-04-20 21:59:26 - main_executor - INFO - [data_pipeline.py:54] - Collecting data...
2025-04-20 21:59:31 - main_executor - INFO - [data_pipeline.py:71] - Raw data saved to data/raw_scraped_data/all_raw_data_20250420_215926.json
2025-04-20 21:59:31 - main_executor - INFO - [data_pipeline.py:143] - Data pipeline completed
2025-04-20 21:59:31 - main_executor - INFO - [main_executor.py:37] - Data collection pipeline iteration completed.
2025-04-20 21:59:36 - main_executor - INFO - [main_executor.py:35] - Running data collection pipeline...
2025-04-20 21:59:36 - main_executor - INFO - [data_pipeline.py:51] - Running data pipeline in collect mode
2025-04-20 21:59:36 - main_executor - INFO - [data_pipeline.py:54] - Collecting data...
2025-04-20 21:59:40 - main_executor - INFO - [data_pipeline.py:71] - Raw data saved to data/raw_scraped_data/all_raw_data_20250420_215926.json
2025-04-20 21:59:40 - main_executor - INFO - [data_pipeline.py:143] - Data pipeline completed
2025-04-20 21:59:40 - main_executor - INFO - [main_executor.py:37] - Data collection pipeline iteration completed.
2025-04-20 21:59:45 - main_executor - INFO - [main_executor.py:32] - No new data files found in this iteration. Exiting loop.
2025-04-20 21:59:45 - main_executor - INFO - [main_executor.py:50] - Data pipeline completed
2025-04-20 22:08:44 - main_executor - INFO - [logger_setup.py:139] - ロガー 'main_executor' のセットアップ完了。出力先: ファイル(logs\app.log) および コンソール。レベル: INFO
2025-04-20 22:08:44 - main_executor - INFO - [main_executor.py:19] - Starting data pipeline
2025-04-20 22:08:44 - main_executor - INFO - [main_executor.py:26] - Starting loop to collect data until no new data is found...
2025-04-20 22:08:44 - main_executor - INFO - [main_executor.py:35] - Running data collection pipeline...
2025-04-20 22:08:44 - main_executor - INFO - [data_pipeline.py:51] - Running data pipeline in collect mode
2025-04-20 22:08:44 - main_executor - INFO - [data_pipeline.py:54] - Collecting data...
2025-04-20 22:09:02 - main_executor - INFO - [data_pipeline.py:71] - Raw data saved to data/raw_scraped_data/all_raw_data_20250420_220844.json
2025-04-20 22:09:02 - main_executor - INFO - [data_pipeline.py:143] - Data pipeline completed
2025-04-20 22:09:02 - main_executor - INFO - [main_executor.py:37] - Data collection pipeline iteration completed.
2025-04-20 22:09:07 - main_executor - INFO - [main_executor.py:35] - Running data collection pipeline...
2025-04-20 22:09:07 - main_executor - INFO - [data_pipeline.py:51] - Running data pipeline in collect mode
2025-04-20 22:09:07 - main_executor - INFO - [data_pipeline.py:54] - Collecting data...
2025-04-20 22:09:26 - main_executor - INFO - [data_pipeline.py:71] - Raw data saved to data/raw_scraped_data/all_raw_data_20250420_220844.json
2025-04-20 22:09:26 - main_executor - INFO - [data_pipeline.py:143] - Data pipeline completed
2025-04-20 22:09:26 - main_executor - INFO - [main_executor.py:37] - Data collection pipeline iteration completed.
2025-04-20 22:09:31 - main_executor - INFO - [main_executor.py:32] - No new data files found in this iteration. Exiting loop.
2025-04-20 22:09:31 - main_executor - INFO - [main_executor.py:50] - Data pipeline completed
2025-04-20 22:24:02 - main_executor - INFO - [logger_setup.py:139] - ロガー 'main_executor' のセットアップ完了。出力先: ファイル(logs\app.log) および コンソール。レベル: INFO
2025-04-20 22:24:02 - main_executor - INFO - [main_executor.py:19] - Starting data pipeline
2025-04-20 22:27:27 - main_executor - INFO - [logger_setup.py:139] - ロガー 'main_executor' のセットアップ完了。出力先: ファイル(logs\app.log) および コンソール。レベル: INFO
2025-04-20 22:27:27 - main_executor - INFO - [main_executor.py:19] - Starting data pipeline
2025-04-20 22:55:16 - main_executor - INFO - [logger_setup.py:139] - ロガー 'main_executor' のセットアップ完了。出力先: ファイル(logs\app.log) および コンソール。レベル: INFO
2025-04-20 22:55:16 - main_executor - INFO - [main_executor.py:19] - Starting data pipeline
2025-04-20 22:55:51 - main_executor - INFO - [logger_setup.py:139] - ロガー 'main_executor' のセットアップ完了。出力先: ファイル(logs\app.log) および コンソール。レベル: INFO
2025-04-20 22:55:51 - main_executor - INFO - [main_executor.py:19] - Starting data pipeline
2025-04-20 22:57:30 - main_executor - INFO - [logger_setup.py:139] - ロガー 'main_executor' のセットアップ完了。出力先: ファイル(logs\app.log) および コンソール。レベル: INFO
2025-04-20 22:57:30 - main_executor - INFO - [main_executor.py:19] - Starting data pipeline
2025-04-20 22:57:30 - main_executor - INFO - [main_executor.py:46] - No mode specified. Exiting.
2025-04-20 22:57:30 - main_executor - INFO - [main_executor.py:50] - Data pipeline completed
2025-04-20 22:58:37 - main_executor - INFO - [logger_setup.py:139] - ロガー 'main_executor' のセットアップ完了。出力先: ファイル(logs\app.log) および コンソール。レベル: INFO
2025-04-20 22:58:37 - main_executor - INFO - [main_executor.py:19] - Starting data pipeline
2025-04-20 22:58:37 - main_executor - INFO - [main_executor.py:26] - Starting loop to collect data until no new data is found...
2025-04-20 22:58:37 - main_executor - INFO - [main_executor.py:35] - Running data collection pipeline...
2025-04-20 22:58:37 - main_executor - INFO - [data_pipeline.py:51] - Running data pipeline in collect mode
2025-04-20 22:58:37 - main_executor - INFO - [data_pipeline.py:54] - Collecting data...
2025-04-21 06:11:33 - main_executor - INFO - [logger_setup.py:139] - ロガー 'main_executor' のセットアップ完了。出力先: ファイル(logs\app.log) および コンソール。レベル: INFO
2025-04-21 06:11:33 - main_executor - INFO - [main_executor.py:19] - Starting data pipeline
2025-04-21 06:12:25 - main_executor - INFO - [logger_setup.py:139] - ロガー 'main_executor' のセットアップ完了。出力先: ファイル(logs\app.log) および コンソール。レベル: INFO
2025-04-21 06:12:25 - main_executor - INFO - [main_executor.py:19] - Starting data pipeline
2025-04-21 06:12:25 - main_executor - INFO - [data_pipeline.py:51] - Running data pipeline in all mode
2025-04-21 06:12:25 - main_executor - INFO - [data_pipeline.py:54] - Collecting data...
2025-04-21 06:14:48 - main_executor - INFO - [logger_setup.py:139] - ロガー 'main_executor' のセットアップ完了。出力先: ファイル(logs\app.log) および コンソール。レベル: INFO
2025-04-21 06:14:48 - main_executor - INFO - [main_executor.py:19] - Starting data pipeline
2025-04-21 06:14:48 - main_executor - INFO - [data_pipeline.py:51] - Running data pipeline in all mode
2025-04-21 06:14:48 - main_executor - INFO - [data_pipeline.py:54] - Collecting data...
2025-04-21 06:15:04 - main_executor - INFO - [logger_setup.py:139] - ロガー 'main_executor' のセットアップ完了。出力先: ファイル(logs\app.log) および コンソール。レベル: INFO
2025-04-21 06:15:04 - main_executor - INFO - [main_executor.py:19] - Starting data pipeline
2025-04-21 06:15:04 - main_executor - INFO - [main_executor.py:46] - No mode specified. Exiting.
2025-04-21 06:15:04 - main_executor - INFO - [main_executor.py:50] - Data pipeline completed
2025-04-21 06:15:24 - main_executor - INFO - [logger_setup.py:139] - ロガー 'main_executor' のセットアップ完了。出力先: ファイル(logs\app.log) および コンソール。レベル: INFO
2025-04-21 06:15:24 - main_executor - INFO - [main_executor.py:19] - Starting data pipeline
2025-04-21 06:15:24 - main_executor - INFO - [data_pipeline.py:51] - Running data pipeline in all mode
2025-04-21 06:15:24 - main_executor - INFO - [data_pipeline.py:54] - Collecting data...
2025-04-21 06:16:32 - main_executor - INFO - [logger_setup.py:139] - ロガー 'main_executor' のセットアップ完了。出力先: ファイル(logs\app.log) および コンソール。レベル: INFO
2025-04-21 06:16:32 - main_executor - INFO - [main_executor.py:19] - Starting data pipeline
2025-04-21 06:16:32 - main_executor - INFO - [data_pipeline.py:51] - Running data pipeline in all mode
2025-04-21 06:16:32 - main_executor - INFO - [data_pipeline.py:54] - Collecting data...
2025-04-21 06:17:04 - main_executor - INFO - [logger_setup.py:139] - ロガー 'main_executor' のセットアップ完了。出力先: ファイル(logs\app.log) および コンソール。レベル: INFO
2025-04-21 06:17:04 - main_executor - INFO - [main_executor.py:19] - Starting data pipeline
2025-04-21 06:17:04 - main_executor - INFO - [data_pipeline.py:51] - Running data pipeline in all mode
2025-04-21 06:17:04 - main_executor - INFO - [data_pipeline.py:54] - Collecting data...
2025-04-21 06:17:20 - main_executor - INFO - [logger_setup.py:139] - ロガー 'main_executor' のセットアップ完了。出力先: ファイル(logs\app.log) および コンソール。レベル: INFO
2025-04-21 06:17:20 - main_executor - INFO - [main_executor.py:19] - Starting data pipeline
2025-04-21 06:17:20 - main_executor - INFO - [data_pipeline.py:51] - Running data pipeline in all mode
2025-04-21 06:17:20 - main_executor - INFO - [data_pipeline.py:54] - Collecting data...
2025-04-21 06:18:01 - main_executor - INFO - [logger_setup.py:139] - ロガー 'main_executor' のセットアップ完了。出力先: ファイル(logs\app.log) および コンソール。レベル: INFO
2025-04-21 06:18:01 - main_executor - INFO - [main_executor.py:19] - Starting data pipeline
2025-04-21 06:18:01 - main_executor - INFO - [data_pipeline.py:51] - Running data pipeline in all mode
2025-04-21 06:18:01 - main_executor - INFO - [data_pipeline.py:54] - Collecting data...
2025-04-21 06:18:01 - main_executor - INFO - [data_pipeline.py:79] - Raw data saved to data/raw_scraped_data/all_raw_data_20250421_061801.json
2025-04-21 06:18:01 - main_executor - INFO - [data_pipeline.py:85] - Processing data...
2025-04-21 06:18:01 - main_executor - WARNING - [data_pipeline.py:96] - Raw data file data/raw_scraped_data\all_raw_data_20250420_170140.json is empty. Skipping processing.
2025-04-21 06:18:01 - main_executor - WARNING - [data_pipeline.py:96] - Raw data file data/raw_scraped_data\all_raw_data_20250420_170214.json is empty. Skipping processing.
2025-04-21 06:18:01 - main_executor - WARNING - [data_pipeline.py:96] - Raw data file data/raw_scraped_data\all_raw_data_20250420_170419.json is empty. Skipping processing.
2025-04-21 06:18:01 - main_executor - WARNING - [data_pipeline.py:96] - Raw data file data/raw_scraped_data\all_raw_data_20250420_170717.json is empty. Skipping processing.
2025-04-21 06:18:01 - main_executor - WARNING - [data_pipeline.py:96] - Raw data file data/raw_scraped_data\all_raw_data_20250420_171843.json is empty. Skipping processing.
2025-04-21 06:18:01 - main_executor - WARNING - [data_pipeline.py:96] - Raw data file data/raw_scraped_data\all_raw_data_20250420_172001.json is empty. Skipping processing.
2025-04-21 06:18:01 - main_executor - WARNING - [data_pipeline.py:96] - Raw data file data/raw_scraped_data\all_raw_data_20250420_172104.json is empty. Skipping processing.
2025-04-21 06:18:01 - main_executor - WARNING - [data_pipeline.py:96] - Raw data file data/raw_scraped_data\all_raw_data_20250420_215012.json is empty. Skipping processing.
2025-04-21 06:18:01 - main_executor - WARNING - [data_pipeline.py:96] - Raw data file data/raw_scraped_data\all_raw_data_20250420_215032.json is empty. Skipping processing.
2025-04-21 06:18:01 - main_executor - WARNING - [data_pipeline.py:96] - Raw data file data/raw_scraped_data\all_raw_data_20250420_215219.json is empty. Skipping processing.
2025-04-21 06:18:01 - main_executor - WARNING - [data_pipeline.py:96] - Raw data file data/raw_scraped_data\all_raw_data_20250420_215324.json is empty. Skipping processing.
2025-04-21 06:18:01 - main_executor - WARNING - [data_pipeline.py:96] - Raw data file data/raw_scraped_data\all_raw_data_20250420_215336.json is empty. Skipping processing.
2025-04-21 06:18:01 - main_executor - WARNING - [data_pipeline.py:96] - Raw data file data/raw_scraped_data\all_raw_data_20250420_215433.json is empty. Skipping processing.
2025-04-21 06:18:01 - main_executor - WARNING - [data_pipeline.py:96] - Raw data file data/raw_scraped_data\all_raw_data_20250420_215820.json is empty. Skipping processing.
2025-04-21 06:18:01 - main_executor - WARNING - [data_pipeline.py:96] - Raw data file data/raw_scraped_data\all_raw_data_20250420_215926.json is empty. Skipping processing.
2025-04-21 06:18:01 - main_executor - WARNING - [data_pipeline.py:96] - Raw data file data/raw_scraped_data\all_raw_data_20250420_220844.json is empty. Skipping processing.
2025-04-21 06:18:01 - main_executor - WARNING - [data_pipeline.py:96] - Raw data file data/raw_scraped_data\all_raw_data_20250421_061801.json is empty. Skipping processing.
2025-04-21 06:18:01 - main_executor - INFO - [data_pipeline.py:113] - Validated events saved to data/validated_events/validated_events_20250421_061801.json
2025-04-21 06:18:01 - main_executor - INFO - [data_pipeline.py:116] - Integrating data...
2025-04-21 06:18:01 - main_executor - INFO - [data_pipeline.py:134] - Integrated events saved to data/integrated_events/integrated_events_20250421_061801.json
2025-04-21 06:18:01 - main_executor - INFO - [data_pipeline.py:137] - Publishing data...
2025-04-21 06:18:01 - main_executor - INFO - [data_pipeline.py:152] - Data publishing completed.
2025-04-21 06:18:01 - main_executor - INFO - [data_pipeline.py:154] - Data pipeline completed
2025-04-21 06:18:01 - main_executor - INFO - [main_executor.py:50] - Data pipeline completed
2025-04-21 06:19:45 - main_executor - INFO - [logger_setup.py:139] - ロガー 'main_executor' のセットアップ完了。出力先: ファイル(logs\app.log) および コンソール。レベル: INFO
2025-04-21 06:19:45 - main_executor - INFO - [main_executor.py:19] - Starting data pipeline
2025-04-21 06:19:45 - main_executor - INFO - [main_executor.py:46] - No mode specified. Exiting.
2025-04-21 06:19:45 - main_executor - INFO - [main_executor.py:50] - Data pipeline completed
